<?xml version="1.0" encoding="UTF-8"?>
<!-- Generated by org.testng.reporters.JUnitReportReporter -->
<testsuite hostname="DESKTOP-NKJKBHC" failures="0" tests="1" name="Baskettest" time="2.269" errors="0" timestamp="2023-08-17T04:36:17 TRT" skipped="0">
  <testcase classname="Baskettest" name="basketTest_AddProductToBasket_ReturnsStatusCode201AndProduct" time="2.269"/>
</testsuite> <!-- Baskettest -->
